This is pdfTeX, Version 3.14159265-2.6-1.40.16 (MiKTeX 2.9) (preloaded format=pdflatex 2015.11.22)  23 NOV 2015 10:38
entering extended mode
**D:/projects/szakdolgozat/poker/dokumentacio/demo.tex
(D:/projects/szakdolgozat/poker/dokumentacio/demo.tex
LaTeX2e <2015/01/01> patch level 2
Babel <3.9m> and hyphenation patterns for 69 languages loaded.

! LaTeX Error: File `prosper.cls' not found.

Type X to quit or <RETURN> to proceed,
or enter new name. (Default extension: cls)

Enter file name: 
! Emergency stop.
<read *> 
         
l.18 
      
End of file on the terminal!

 
Here is how much of TeX's memory you used:
 12 strings out of 493673
 261 string characters out of 3146785
 52455 words of memory out of 3000000
 3457 multiletter control sequences out of 15000+200000
 3640 words of font info for 14 fonts, out of 3000000 for 9000
 1025 hyphenation exceptions out of 8191
 10i,0n,7p,134b,8s stack positions out of 5000i,500n,10000p,200000b,50000s
!  ==> Fatal error occurred, no output PDF file produced!
