\BOOKMARK [0][-]{part.1}{I. Bevezet\351s}{}% 1
\BOOKMARK [1][-]{section.1}{A t\351mav\341laszt\341s indokl\341sa}{part.1}% 2
\BOOKMARK [1][-]{section.2}{Feladat le\355r\341s}{part.1}% 3
\BOOKMARK [0][-]{part.2}{II. Felhaszn\341l\363i dokument\341ci\363}{}% 4
\BOOKMARK [1][-]{section.3}{K\366vetelm\351nyek}{part.2}% 5
\BOOKMARK [2][-]{subsection.3.1}{Szoftver}{section.3}% 6
\BOOKMARK [2][-]{subsection.3.2}{Hardver}{section.3}% 7
\BOOKMARK [1][-]{section.4}{Telep\355t\351s}{part.2}% 8
\BOOKMARK [2][-]{subsection.4.1}{Java SE Runtime Environment 8}{section.4}% 9
\BOOKMARK [2][-]{subsection.4.2}{MySQL Community Server 5.6}{section.4}% 10
\BOOKMARK [2][-]{subsection.4.3}{Az adatb\341zis haszn\341latba v\351tele}{section.4}% 11
\BOOKMARK [1][-]{section.5}{Fogalomt\341r}{part.2}% 12
\BOOKMARK [2][-]{subsection.5.1}{Parancsok}{section.5}% 13
\BOOKMARK [2][-]{subsection.5.2}{Egy\351b...?}{section.5}% 14
\BOOKMARK [1][-]{section.6}{A p\363ker j\341t\351kr\363l pokergame}{part.2}% 15
\BOOKMARK [2][-]{subsection.6.1}{J\341t\351kmenet}{section.6}% 16
\BOOKMARK [2][-]{subsection.6.2}{J\341t\351kst\355lusok}{section.6}% 17
\BOOKMARK [1][-]{section.7}{Futtat\341s}{part.2}% 18
\BOOKMARK [2][-]{subsection.7.1}{A p\363ker szerver elind\355t\341sa}{section.7}% 19
\BOOKMARK [2][-]{subsection.7.2}{A p\363ker kliens elind\355t\341sa}{section.7}% 20
\BOOKMARK [1][-]{section.8}{A p\363ker j\341t\351k haszn\341lata}{part.2}% 21
\BOOKMARK [0][-]{part.3}{III. Fejlesztoi dokument\341ci\363}{}% 22
\BOOKMARK [1][-]{section.9}{Felhaszn\341lt technol\363gi\341k}{part.3}% 23
\BOOKMARK [2][-]{subsection.9.1}{Eclipse}{section.9}% 24
\BOOKMARK [2][-]{subsection.9.2}{Maven}{section.9}% 25
\BOOKMARK [2][-]{subsection.9.3}{MySQL}{section.9}% 26
\BOOKMARK [2][-]{subsection.9.4}{Git}{section.9}% 27
\BOOKMARK [2][-]{subsection.9.5}{Enterprise Architect}{section.9}% 28
\BOOKMARK [1][-]{section.10}{Adatb\341zis s\351ma}{part.3}% 29
\BOOKMARK [2][-]{subsection.10.1}{P\363ker j\341t\351k asztal t\341bla}{section.10}% 30
\BOOKMARK [2][-]{subsection.10.2}{Felhaszn\341l\363k t\341bla}{section.10}% 31
\BOOKMARK [2][-]{subsection.10.3}{J\341t\351kst\355lus t\341bla}{section.10}% 32
\BOOKMARK [1][-]{section.11}{Megold\341si terv}{part.3}% 33
\BOOKMARK [2][-]{subsection.11.1}{Probl\351ma}{section.11}% 34
\BOOKMARK [2][-]{subsection.11.2}{Tervez\351s}{section.11}% 35
\BOOKMARK [2][-]{subsection.11.3}{Implement\341l\341s}{section.11}% 36
\BOOKMARK [2][-]{subsection.11.4}{Elemz\351s}{section.11}% 37
\BOOKMARK [1][-]{section.12}{Modulok}{part.3}% 38
\BOOKMARK [2][-]{subsection.12.1}{Model modul}{section.12}% 39
\BOOKMARK [2][-]{subsection.12.2}{Shared modul}{section.12}% 40
\BOOKMARK [2][-]{subsection.12.3}{Persist modul}{section.12}% 41
\BOOKMARK [2][-]{subsection.12.4}{Kliens modul}{section.12}% 42
\BOOKMARK [2][-]{subsection.12.5}{Szerver modul}{section.12}% 43
\BOOKMARK [2][-]{subsection.12.6}{javapokertexasholdem modul}{section.12}% 44
\BOOKMARK [1][-]{section.13}{Funkci\363k}{part.3}% 45
\BOOKMARK [2][-]{subsection.13.1}{\301ltal\341nos funkci\363k}{section.13}% 46
\BOOKMARK [2][-]{subsection.13.2}{J\341t\351kmenetbeli funkci\363k}{section.13}% 47
\BOOKMARK [1][-]{section.14}{Tesztel\351s}{part.3}% 48
\BOOKMARK [2][-]{subsection.14.1}{Funkcion\341lis tesztel\351s}{section.14}% 49
\BOOKMARK [1][-]{section.15}{Tov\341bb fejleszt\351si lehetos\351gek}{part.3}% 50
