This is pdfTeX, Version 3.14159265-2.6-1.40.16 (MiKTeX 2.9) (preloaded format=pdflatex 2015.11.22)  23 NOV 2015 11:24
entering extended mode
**D:/projects/szakdolgozat/poker/dokumentacio/bme_diploma_terv_vaz/diploma.tex
(D:/projects/szakdolgozat/poker/dokumentacio/bme_diploma_terv_vaz/diploma.tex
LaTeX2e <2015/01/01> patch level 2
Babel <3.9m> and hyphenation patterns for 69 languages loaded.
("C:\cuccok\MiKTeX 2.9\tex\latex\base\report.cls"
Document Class: report 2014/09/29 v1.4h Standard LaTeX document class
("C:\cuccok\MiKTeX 2.9\tex\latex\base\size12.clo"
File: size12.clo 2014/09/29 v1.4h Standard LaTeX file (size option)
)
\c@part=\count79
\c@chapter=\count80
\c@section=\count81
\c@subsection=\count82
\c@subsubsection=\count83
\c@paragraph=\count84
\c@subparagraph=\count85
\c@figure=\count86
\c@table=\count87
\abovecaptionskip=\skip41
\belowcaptionskip=\skip42
\bibindent=\dimen102
) (bmedipl.sty
Package: bmedipl 2004/02/09 v0.1 BUTE MSc stylefile

("C:\cuccok\MiKTeX 2.9\tex\latex\base\inputenc.sty"
Package: inputenc 2015/03/17 v1.2c Input encoding file
\inpenc@prehook=\toks14
\inpenc@posthook=\toks15

("C:\cuccok\MiKTeX 2.9\tex\latex\base\latin2.def"
File: latin2.def 2015/03/17 v1.2c Input encoding file
))
("C:\cuccok\MiKTeX 2.9\tex\latex\base\t1enc.sty"
Package: t1enc 1994/06/01 Standard LaTeX package
)
("C:\cuccok\MiKTeX 2.9\tex\generic\babel\babel.sty"
Package: babel 2015/08/03 3.9m The Babel package

*************************************
* Local config file bblopts.cfg used
*
("C:\cuccok\MiKTeX 2.9\tex\latex\00miktex\bblopts.cfg"
File: bblopts.cfg 2006/07/31 v1.0 MiKTeX 'babel' configuration
)
(C:\Users\Valentin\AppData\Roaming\MiKTeX\2.9\tex\latex\babel-english\english.l
df
Language: english 2012/08/20 v3.3p English support from the babel system
 ("C:\cuccok\MiKTeX 2.9\tex\generic\babel\babel.def"
File: babel.def 2015/08/03 3.9m Babel common definitions
\babel@savecnt=\count88
\U@D=\dimen103
)
\l@canadian = a dialect from \language\l@american 
\l@australian = a dialect from \language\l@british 
\l@newzealand = a dialect from \language\l@british 
)
("C:\cuccok\MiKTeX 2.9\tex\latex\babel-hungarian\magyar.ldf"
Language: magyar 2007/10/19 v1.5 Magyar support from the babel v3.7 system
Package babel Info: Making ` an active character on input line 2732.
\c@footnote@add=\count89
\c@footnote@ch=\count90
)))
(C:\Users\Valentin\AppData\Roaming\MiKTeX\2.9\tex\latex\setspace\setspace.sty
Package: setspace 2011/12/19 v6.7a set line spacing
)
(diploma.aux (01_elozm.aux) (02_eloszo.aux) (03_1fej.aux) (04_2fej.aux)
(05_3fej.aux) (06_4fej.aux) (07_5fej.aux) (09_irod.aux) (10_f0_cl.aux)
(10_f1_or.aux) (10_f2_me.aux) (10_f3_pr.aux) (10_f4_cd.aux) (10_f5_dk.aux)
(10_f6_hl.aux) (12_rovid.aux))
LaTeX Font Info:    Checking defaults for OML/cmm/m/it on input line 41.
LaTeX Font Info:    ... okay on input line 41.
LaTeX Font Info:    Checking defaults for T1/cmr/m/n on input line 41.
LaTeX Font Info:    ... okay on input line 41.
LaTeX Font Info:    Checking defaults for OT1/cmr/m/n on input line 41.
LaTeX Font Info:    ... okay on input line 41.
LaTeX Font Info:    Checking defaults for OMS/cmsy/m/n on input line 41.
LaTeX Font Info:    ... okay on input line 41.
LaTeX Font Info:    Checking defaults for OMX/cmex/m/n on input line 41.
LaTeX Font Info:    ... okay on input line 41.
LaTeX Font Info:    Checking defaults for U/cmr/m/n on input line 41.
LaTeX Font Info:    ... okay on input line 41.


LaTeX Warning: Please use \usepackage[latin2]{inputenc} with
               \usepackage[magyar]{babel}.

("C:\cuccok\MiKTeX 2.9\tex\latex\base\report.cls"
LaTeX Info: Redefining \cal on input line 591.
LaTeX Info: Redefining \mit on input line 592.
) (01_elozm.tex [1



{C:/Users/Valentin/AppData/Local/MiKTeX/2.9/pdftex/config/pdftex.map}]
LaTeX Font Info:    External font `cmex10' loaded for size
(Font)              <12> on input line 50.
LaTeX Font Info:    External font `cmex10' loaded for size
(Font)              <8> on input line 50.
LaTeX Font Info:    External font `cmex10' loaded for size
(Font)              <6> on input line 50.
 [2

] [3


] [4


]
(diploma.toc [5

] [6])
\tf@toc=\write3
 [7] [8

]) [9

] (02_eloszo.tex [1



] [2]) [3] (03_1fej.tex
1. fejezet.
[4



] [5]) [6] (04_2fej.tex
2. fejezet.
[7



]) [8] (05_3fej.tex
3. fejezet.
[9



]) [10] [11] (06_4fej.tex
4. fejezet.
[12



] [13]) [14] (07_5fej.tex
5. fejezet.
) [15



] (09_irod.tex [16



]) [17] (10_f0_cl.tex [18



]) (10_f1_or.tex) [19



]
(10_f2_me.tex) [20


] (10_f3_pr.tex) [21


] (10_f4_cd.tex) [22


] (10_f5_dk.tex)
[23


] (10_f6_hl.tex) [24


] (12_rovid.tex [25



]) [26] (diploma.aux (01_elozm.aux)
(02_eloszo.aux) (03_1fej.aux) (04_2fej.aux) (05_3fej.aux) (06_4fej.aux)
(07_5fej.aux) (09_irod.aux) (10_f0_cl.aux) (10_f1_or.aux) (10_f2_me.aux)
(10_f3_pr.aux) (10_f4_cd.aux) (10_f5_dk.aux) (10_f6_hl.aux) (12_rovid.aux)) ) 
Here is how much of TeX's memory you used:
 1855 strings out of 493673
 29695 string characters out of 3146785
 97648 words of memory out of 3000000
 5116 multiletter control sequences out of 15000+200000
 14770 words of font info for 34 fonts, out of 3000000 for 9000
 1025 hyphenation exceptions out of 8191
 31i,8n,29p,345b,449s stack positions out of 5000i,500n,10000p,200000b,50000s
 <
C:\Users\Valentin\AppData\Local\MiKTeX\2.9\fonts\pk\ljfour\jknappen\ec\dpi600\e
cbx1728.pk> <C:\Users\Valentin\AppData\Local\MiKTeX\2.9\fonts\pk\ljfour\jknappe
n\ec\dpi600\ecrm0800.pk> <C:\Users\Valentin\AppData\Local\MiKTeX\2.9\fonts\pk\l
jfour\jknappen\ec\dpi600\ecbx2488.pk> <C:\Users\Valentin\AppData\Local\MiKTeX\2
.9\fonts\pk\ljfour\jknappen\ec\dpi600\ecbx1200.pk> <C:\Users\Valentin\AppData\L
ocal\MiKTeX\2.9\fonts\pk\ljfour\jknappen\ec\dpi600\ecti1200.pk> <C:\Users\Valen
tin\AppData\Local\MiKTeX\2.9\fonts\pk\ljfour\jknappen\ec\dpi600\ecbx1440.pk> <C
:\Users\Valentin\AppData\Local\MiKTeX\2.9\fonts\pk\ljfour\jknappen\ec\dpi600\ec
rm1200.pk> <C:\Users\Valentin\AppData\Local\MiKTeX\2.9\fonts\pk\ljfour\jknappen
\ec\dpi600\ecrm1440.pk> <C:\Users\Valentin\AppData\Local\MiKTeX\2.9\fonts\pk\lj
four\jknappen\ec\dpi600\ecrm2074.pk><C:/cuccok/MiKTeX 2.9/fonts/type1/public/am
sfonts/cm/cmmi12.pfb>
Output written on diploma.pdf (35 pages, 196284 bytes).
PDF statistics:
 565 PDF objects out of 1000 (max. 8388607)
 0 named destinations out of 1000 (max. 500000)
 1 words of extra memory for PDF output out of 10000 (max. 10000000)

